<?xml version="1.0" encoding="UTF-8"?>
<testng-results skipped="0" failed="0" total="1" passed="1">
  <reporter-output>
  </reporter-output>
  <suite name="Default suite" duration-ms="1166" started-at="2020-07-30T07:52:41Z" finished-at="2020-07-30T07:52:42Z">
    <groups>
    </groups>
    <test name="Default test" duration-ms="1166" started-at="2020-07-30T07:52:41Z" finished-at="2020-07-30T07:52:42Z">
      <class name="test.ExtentReportTestng">
        <test-method status="PASS" signature="setup()[pri:0, instance:test.ExtentReportTestng@1d057a39]" name="setup" is-config="true" duration-ms="363" started-at="2020-07-30T13:22:41Z" finished-at="2020-07-30T13:22:42Z">
          <reporter-output>
          </reporter-output>
        </test-method> <!-- setup -->
        <test-method status="PASS" signature="test1()[pri:0, instance:test.ExtentReportTestng@1d057a39]" name="test1" duration-ms="44" started-at="2020-07-30T13:22:42Z" finished-at="2020-07-30T13:22:42Z">
          <reporter-output>
          </reporter-output>
        </test-method> <!-- test1 -->
        <test-method status="PASS" signature="teardown()[pri:0, instance:test.ExtentReportTestng@1d057a39]" name="teardown" is-config="true" duration-ms="695" started-at="2020-07-30T13:22:42Z" finished-at="2020-07-30T13:22:42Z">
          <reporter-output>
          </reporter-output>
        </test-method> <!-- teardown -->
      </class> <!-- test.ExtentReportTestng -->
    </test> <!-- Default test -->
  </suite> <!-- Default suite -->
</testng-results>
